<?xml version="1.0" encoding="UTF-8"?>
<!-- Generated by org.testng.reporters.JUnitReportReporter -->
<testsuite skipped="0" hostname="DESKTOP-08J39R4" name="olympics.OlympicsMedals" tests="5" failures="0" timestamp="03 Jul 2018 22:42:30 GMT" time="47.199" errors="0">
  <testcase name="countryByMedal" time="9.040" classname="olympics.OlympicsMedals"/>
  <testcase name="theMost" time="12.051" classname="olympics.OlympicsMedals"/>
  <testcase name="getSum" time="8.743" classname="olympics.OlympicsMedals"/>
  <testcase name="getIndex" time="8.712" classname="olympics.OlympicsMedals"/>
  <testcase name="sortTest" time="8.653" classname="olympics.OlympicsMedals"/>
</testsuite> <!-- olympics.OlympicsMedals -->
